[debug] [2018-09-24T20:02:39.383Z] ----------------------------------------------------------------------
[debug] [2018-09-24T20:02:39.385Z] Command:       /usr/bin/node /usr/bin/firebase init
[debug] [2018-09-24T20:02:39.385Z] CLI Version:   4.2.1
[debug] [2018-09-24T20:02:39.385Z] Platform:      linux
[debug] [2018-09-24T20:02:39.385Z] Node Version:  v8.12.0
[debug] [2018-09-24T20:02:39.385Z] Time:          Mon Sep 24 2018 14:02:39 GMT-0600 (CST)
[debug] [2018-09-24T20:02:39.385Z] ----------------------------------------------------------------------
[debug] 
[debug] [2018-09-24T20:02:39.393Z] > command requires scopes: ["email","openid","https://www.googleapis.com/auth/cloudplatformprojects.readonly","https://www.googleapis.com/auth/firebase"]
[debug] [2018-09-24T20:02:39.393Z] > authorizing via signed-in user
[info] 
     ######## #### ########  ######## ########     ###     ######  ########
     ##        ##  ##     ## ##       ##     ##  ##   ##  ##       ##
     ######    ##  ########  ######   ########  #########  ######  ######
     ##        ##  ##    ##  ##       ##     ## ##     ##       ## ##
     ##       #### ##     ## ######## ########  ##     ##  ######  ########

You're about to initialize a Firebase project in this directory:

  /home/cano/Documents/code/ux/GoChuco

Before we get started, keep in mind:

  * You are initializing in an existing Firebase project directory

[info] 
=== Project Setup
[info] 
[info] First, let's associate this project directory with a Firebase project.
[info] You can create multiple project aliases by running firebase use --add, 
[info] but for now we'll just set up a default project.
[info] 
[debug] [2018-09-24T20:02:55.360Z] > refreshing access token with scopes: ["email","https://www.googleapis.com/auth/cloudplatformprojects.readonly","https://www.googleapis.com/auth/firebase","openid"]
[debug] [2018-09-24T20:02:55.360Z] >>> HTTP REQUEST POST https://www.googleapis.com/oauth2/v3/token  

[debug] [2018-09-24T20:02:55.725Z] <<< HTTP RESPONSE 200
[debug] [2018-09-24T20:02:56.097Z] >>> HTTP REQUEST GET https://admin.firebase.com/v1/projects  
 
[debug] [2018-09-24T20:03:26.904Z] <<< HTTP RESPONSE 200
[info] i  .firebaserc already has a default project, skipping
[info] 
=== Database Setup
[info] 
[info] Firebase Realtime Database Rules allow you to define how your data should be
[info] structured and when your data can be read from and written to.
[info] 
[info] Skipping overwrite of Database Rules.
[info] The rules defined in database.rules.json will be published when you do firebase deploy.
[info] 
=== Functions Setup
[info] 
[info] A functions directory will be created in your project with a Node.js
[info] package pre-configured. Functions can be deployed with firebase deploy.
[info] 
[debug] [2018-09-24T20:03:38.558Z] > command requires scopes: ["email","openid","https://www.googleapis.com/auth/cloudplatformprojects.readonly","https://www.googleapis.com/auth/firebase","https://www.googleapis.com/auth/cloud-platform"]
[debug] [2018-09-24T20:03:38.559Z] > authorizing via signed-in user
[debug] [2018-09-24T20:03:38.559Z] > refreshing access token with scopes: ["email","https://www.googleapis.com/auth/cloud-platform","https://www.googleapis.com/auth/cloudplatformprojects.readonly","https://www.googleapis.com/auth/firebase","openid"]
[debug] [2018-09-24T20:03:38.559Z] >>> HTTP REQUEST POST https://www.googleapis.com/oauth2/v3/token  

[debug] [2018-09-24T20:03:38.912Z] <<< HTTP RESPONSE 200
[debug] [2018-09-24T20:03:39.043Z] >>> HTTP REQUEST GET https://admin.firebase.com/v1/projects/gochuco-comingsoon  
 
[debug] [2018-09-24T20:03:39.431Z] <<< HTTP RESPONSE 200
[debug] [2018-09-24T20:03:39.436Z] >>> HTTP REQUEST PATCH https://servicemanagement.googleapis.com/v1/services/cloudfunctions.googleapis.com/projectSettings/gochuco-comingsoon?updateMask=usageSettings  

[debug] [2018-09-24T20:03:39.437Z] >>> HTTP REQUEST PATCH https://servicemanagement.googleapis.com/v1/services/runtimeconfig.googleapis.com/projectSettings/gochuco-comingsoon?updateMask=usageSettings  

[debug] [2018-09-24T20:03:40.876Z] <<< HTTP RESPONSE 200
[debug] [2018-09-24T20:03:41.085Z] <<< HTTP RESPONSE 200
[info] ✔  Wrote functions/package.json
[info] ✔  Wrote functions/index.js
