[Info  - 5:39:16 PM] ESLint server stopped.
[Info  - 5:39:17 PM] ESLint server running in node v8.9.3
[Info  - 5:39:17 PM] ESLint server is running.
[Info  - 5:39:21 PM] 
Failed to load the ESLint library for the document /home/carlos/Documents/GoChuco/src/components/Map.js

To use ESLint please install eslint by running 'npm install eslint' in the workspace folder GoChuco
or globally using 'npm install -g eslint'. You need to reopen the workspace after installing eslint.

If you are using yarn instead of npm set the setting `"eslint.packageManager": "yarn"`

Alternatively you can disable ESLint for the workspace folder GoChuco by executing the 'Disable ESLint' command.
[Info  - 5:52:59 PM] 
Failed to load the ESLint library for the document /home/carlos/Documents/GoChuco/src/App.test.js

To use ESLint please install eslint by running 'npm install eslint' in the workspace folder GoChuco
or globally using 'npm install -g eslint'. You need to reopen the workspace after installing eslint.

If you are using yarn instead of npm set the setting `"eslint.packageManager": "yarn"`

Alternatively you can disable ESLint for the workspace folder GoChuco by executing the 'Disable ESLint' command.
[Info  - 5:53:05 PM] 
Failed to load the ESLint library for the document /home/carlos/Documents/GoChuco/src/components/Home.js

To use ESLint please install eslint by running 'npm install eslint' in the workspace folder GoChuco
or globally using 'npm install -g eslint'. You need to reopen the workspace after installing eslint.

If you are using yarn instead of npm set the setting `"eslint.packageManager": "yarn"`

Alternatively you can disable ESLint for the workspace folder GoChuco by executing the 'Disable ESLint' command.
[Info  - 5:53:08 PM] 
Failed to load the ESLint library for the document /home/carlos/Documents/GoChuco/src/components/index.js

To use ESLint please install eslint by running 'npm install eslint' in the workspace folder GoChuco
or globally using 'npm install -g eslint'. You need to reopen the workspace after installing eslint.

If you are using yarn instead of npm set the setting `"eslint.packageManager": "yarn"`

Alternatively you can disable ESLint for the workspace folder GoChuco by executing the 'Disable ESLint' command.
